$ mc ./gameui
==22448== Memcheck, a memory error detector
==22448== Copyright (C) 2002-2017, and GNU GPL'd, by Julian Seward et al.
==22448== Using Valgrind-3.15.0 and LibVEX; rerun with -h for copyright info
==22448== Command: ./gameui
==22448==
==22448==
==22448== HEAP SUMMARY:
==22448==     in use at exit: 15,367 bytes in 16 blocks
==22448==   total heap usage: 125,881 allocs, 125,865 frees, 10,439,317 bytes allocated
==22448==
==22448== LEAK SUMMARY:
==22448==    definitely lost: 0 bytes in 0 blocks
==22448==    indirectly lost: 0 bytes in 0 blocks
==22448==      possibly lost: 0 bytes in 0 blocks
==22448==    still reachable: 15,367 bytes in 16 blocks
==22448==         suppressed: 0 bytes in 0 blocks
==22448== Reachable blocks (those to which a pointer was found) are not shown.
==22448== To see them, rerun with: --leak-check=full --show-leak-kinds=all
==22448==
==22448== For lists of detected and suppressed errors, rerun with: -s
==22448== ERROR SUMMARY: 0 errors from 0 contexts (suppressed: 0 from 0)