$ mc ./gameui
==15101== Memcheck, a memory error detector
==15101== Copyright (C) 2002-2017, and GNU GPL'd, by Julian Seward et al.
==15101== Using Valgrind-3.15.0 and LibVEX; rerun with -h for copyright info
==15101== Command: ./gameui
==15101==
==15101==
==15101== HEAP SUMMARY:
==15101==     in use at exit: 15,367 bytes in 16 blocks
==15101==   total heap usage: 104,756 allocs, 104,740 frees, 8,867,852 bytes allocated
==15101==
==15101== LEAK SUMMARY:
==15101==    definitely lost: 0 bytes in 0 blocks
==15101==    indirectly lost: 0 bytes in 0 blocks
==15101==      possibly lost: 0 bytes in 0 blocks
==15101==    still reachable: 15,367 bytes in 16 blocks
==15101==         suppressed: 0 bytes in 0 blocks
==15101== Reachable blocks (those to which a pointer was found) are not shown.
==15101== To see them, rerun with: --leak-check=full --show-leak-kinds=all
==15101==
==15101== For lists of detected and suppressed errors, rerun with: -s
==15101== ERROR SUMMARY: 0 errors from 0 contexts (suppressed: 0 from 0)